Tier 1 team:
Thief : Shadower
Team BUFF : 50

Tier 2 team:
Thief : Nightlord
Team BUFF : 50

Tier 3 team:
Thief : DualBlade
Team BUFF : 50

Tier 4 team:
Thief : NightWalker
Team BUFF : 50

Tier 5 team:
Thief : Phantom
Team BUFF : 50

Tier 6 team:
Thief : Xenon
Team BUFF : 50

Tier 7 team:
Thief : Cadena
Team BUFF : 50

Tier 8 team:
Thief : Hoyoung
Team BUFF : 50

Tier 9 team:
Thief : Khali
Team BUFF : 50

Tier 10 team:
Warrior : Hero
Team BUFF : 40

Tier 11 team:
Warrior : Paladin
Team BUFF : 40

Tier 12 team:
Warrior : DarkKnight
Team BUFF : 40

Tier 13 team:
Warrior : Aran
Team BUFF : 40

Tier 14 team:
Warrior : DemonSlayer
Team BUFF : 40

Tier 15 team:
Warrior : DemonAvenger
Team BUFF : 40

Tier 16 team:
Warrior : SoulMaster
Team BUFF : 40

Tier 17 team:
Warrior : Mikhail
Team BUFF : 40

Tier 18 team:
Warrior : Kaiser
Team BUFF : 40

Tier 19 team:
Warrior : Hayato
Team BUFF : 40

Tier 20 team:
Warrior : Blaster
Team BUFF : 40

Tier 21 team:
Warrior : Adele
Team BUFF : 40

Tier 22 team:
Warrior : Zero
Team BUFF : 40

Tier 23 team:
Pirate : Buccaneer
Team BUFF : 34

Tier 24 team:
Pirate : Corsair
Team BUFF : 34

Tier 25 team:
Pirate : Jett
Team BUFF : 34

Tier 26 team:
Pirate : Zen
Team BUFF : 34

Tier 27 team:
Pirate : Mechanic
Team BUFF : 34

Tier 28 team:
Pirate : CannonShooter
Team BUFF : 34

Tier 29 team:
Pirate : AngelicBurster
Team BUFF : 34

Tier 30 team:
Pirate : ThunderBreaker
Team BUFF : 34

Tier 31 team:
Pirate : Eunwol
Team BUFF : 34

Tier 32 team:
Pirate : Ark
Team BUFF : 34

Tier 33 team:
Magician : I/LArchmage
Team BUFF : 30

Tier 34 team:
Magician : F/PArchmage
Team BUFF : 30

Tier 35 team:
Magician : Bishop
Team BUFF : 30

Tier 36 team:
Magician : Evan
Team BUFF : 30

Tier 37 team:
Magician : BlazeWizard
Team BUFF : 30

Tier 38 team:
Magician : BattleMage
Team BUFF : 30

Tier 39 team:
Magician : Luminous
Team BUFF : 30

Tier 40 team:
Magician : Kanna
Team BUFF : 30

Tier 41 team:
Magician : BeastTamer
Team BUFF : 30

Tier 42 team:
Magician : Kinesis
Team BUFF : 30

Tier 43 team:
Magician : Illium
Team BUFF : 30

Tier 44 team:
Magician : Lara
Team BUFF : 30

Tier 45 team:
Magician : Freed
Team BUFF : 30

Tier 46 team:
Bowmen : Marksman
Team BUFF : 25

Tier 47 team:
Bowmen : Bowmaster
Team BUFF : 25

Tier 48 team:
Bowmen : Pathfinder
Team BUFF : 25

Tier 49 team:
Bowmen : WildHunter
Team BUFF : 25

Tier 50 team:
Bowmen : Mercedes
Team BUFF : 25

Tier 51 team:
Bowmen : WindArcher
Team BUFF : 25

Tier 52 team:
Bowmen : Kain
Team BUFF : 25

