Tier 1 team:
Warrior : Adele
Warrior : Aran
Warrior : Blaster
Warrior : DarkKnight
Warrior : DemonAvenger
Warrior : DemonSlayer
Warrior : Hayato
Warrior : Hero
Warrior : Kaiser
Warrior : Mikhail
Warrior : Paladin
Warrior : SoulMaster
Warrior : Zero
Team BUFF : 1000

Tier 2 team:
Thief : Cadena
Thief : DualBlade
Thief : Hoyoung
Thief : Khali
Thief : NightWalker
Thief : Nightlord
Thief : Phantom
Thief : Shadower
Thief : Xenon
Team BUFF : 850

Tier 3 team:
Magician : BattleMage
Magician : BeastTamer
Magician : Bishop
Magician : BlazeWizard
Magician : Evan
Magician : F/PArchmage
Magician : Freed
Magician : I/LArchmage
Magician : Illium
Magician : Kanna
Magician : Kinesis
Magician : Lara
Magician : Luminous
Team BUFF : 750

Tier 4 team:
Pirate : AngelicBurster
Pirate : Ark
Pirate : Buccaneer
Pirate : CannonShooter
Pirate : Corsair
Pirate : Eunwol
Pirate : Jett
Pirate : Mechanic
Pirate : ThunderBreaker
Pirate : Zen
Team BUFF : 646

Tier 5 team:
Bowmen : Bowmaster
Bowmen : Kain
Bowmen : Marksman
Bowmen : Mercedes
Bowmen : Pathfinder
Bowmen : WildHunter
Bowmen : WindArcher
Team BUFF : 325

Tier 6 team:
Bowmen : Mercedes
Bowmen : WindArcher
Thief : Cadena
Thief : Khali
Thief : Phantom
Team BUFF : 325

Tier 7 team:
Bowmen : Bowmaster
Bowmen : Kain
Bowmen : Marksman
Bowmen : Mercedes
Bowmen : Pathfinder
Bowmen : WildHunter
Bowmen : WindArcher
Team BUFF : 325

