#
# There is insufficient memory for the Java Runtime Environment to continue.
# Native memory allocation (malloc) failed to allocate 1203536 bytes for Chunk::new
# Possible reasons:
#   The system is out of physical RAM or swap space
#   The process is running with CompressedOops enabled, and the Java Heap may be blocking the growth of the native heap
# Possible solutions:
#   Reduce memory load on the system
#   Increase physical memory or swap space
#   Check if swap backing store is full
#   Decrease Java heap size (-Xmx/-Xms)
#   Decrease number of Java threads
#   Decrease Java thread stack sizes (-Xss)
#   Set larger code cache with -XX:ReservedCodeCacheSize=
#   JVM is running with Unscaled Compressed Oops mode in which the Java heap is
#     placed in the first 4GB address space. The Java Heap base address is the
#     maximum limit for the native heap growth. Please use -XX:HeapBaseMinAddress
#     to set the Java Heap base and to place the Java Heap above 4GB virtual address.
# This output file may be truncated or incomplete.
#
#  Out of Memory Error (arena.cpp:191), pid=11580, tid=24976
#
# JRE version: OpenJDK Runtime Environment Temurin-17.0.10+7 (17.0.10+7) (build 17.0.10+7)
# Java VM: OpenJDK 64-Bit Server VM Temurin-17.0.10+7 (17.0.10+7, mixed mode, tiered, compressed oops, compressed class ptrs, parallel gc, windows-amd64)
# No core dump will be written. Minidumps are not enabled by default on client versions of Windows
#

---------------  S U M M A R Y ------------

Command Line: --add-modules=ALL-SYSTEM --add-opens=java.base/java.util=ALL-UNNAMED --add-opens=java.base/java.lang=ALL-UNNAMED --add-opens=java.base/sun.nio.fs=ALL-UNNAMED -Declipse.application=org.eclipse.jdt.ls.core.id1 -Dosgi.bundles.defaultStartLevel=4 -Declipse.product=org.eclipse.jdt.ls.core.product -Djava.import.generatesMetadataFilesAtProjectRoot=false -DDetectVMInstallationsJob.disabled=true -Dfile.encoding=utf8 -XX:+UseParallelGC -XX:GCTimeRatio=4 -XX:AdaptiveSizePolicyWeight=90 -Dsun.zip.disableMemoryMapping=true -Xmx1G -Xms100m -Xlog:disable -javaagent:c:\Users\Jim Lin\.vscode\extensions\redhat.java-1.29.0-win32-x64\lombok\lombok-1.18.32.jar c:\Users\Jim Lin\.vscode\extensions\redhat.java-1.29.0-win32-x64\server\plugins\org.eclipse.equinox.launcher_1.6.800.v20240304-1850.jar -configuration c:\Users\Jim Lin\AppData\Roaming\Code\User\globalStorage\redhat.java\1.29.0\config_ss_win -data c:\Users\Jim Lin\AppData\Roaming\Code\User\workspaceStorage\b9f0c8e9d6c8e43c83bec4c1cc97ef2b\redhat.java\ss_ws --stdio

Host: 11th Gen Intel(R) Core(TM) i5-1135G7 @ 2.40GHz, 8 cores, 15G,  Windows 11 , 64 bit Build 22621 (10.0.22621.3374)
Time: Sun Apr 14 22:07:46 2024  Windows 11 , 64 bit Build 22621 (10.0.22621.3374) elapsed time: 2.964136 seconds (0d 0h 0m 2s)

---------------  T H R E A D  ---------------

Current thread (0x000002247a7ba4f0):  JavaThread "C2 CompilerThread1" daemon [_thread_in_native, id=24976, stack(0x00000060b7100000,0x00000060b7200000)]


Current CompileTask:
C2:   2964 2365       4       org.lombokweb.asm.ClassReader::readMethod (1066 bytes)

Stack: [0x00000060b7100000,0x00000060b7200000]
Native frames: (J=compiled Java code, j=interpreted, Vv=VM code, C=native code)
V  [jvm.dll+0x67d2c9]
V  [jvm.dll+0x834afa]
V  [jvm.dll+0x8365be]
V  [jvm.dll+0x836c23]
V  [jvm.dll+0x2477ff]
V  [jvm.dll+0xac514]
V  [jvm.dll+0xacb5c]
V  [jvm.dll+0x366782]
V  [jvm.dll+0x330bfa]
V  [jvm.dll+0x33009a]
V  [jvm.dll+0x219ef1]
V  [jvm.dll+0x219311]
V  [jvm.dll+0x1a502d]
V  [jvm.dll+0x2290de]
V  [jvm.dll+0x2272ac]
V  [jvm.dll+0x7e9bb7]
V  [jvm.dll+0x7e3fba]
V  [jvm.dll+0x67c1b5]
C  [ucrtbase.dll+0x29333]
C  [KERNEL32.DLL+0x1257d]
C  [ntdll.dll+0x5aa48]


---------------  P R O C E S S  ---------------

Threads class SMR info:
_java_thread_list=0x000002247aa11170, length=22, elements={
0x000002246cd43820, 0x0000022473b15390, 0x0000022473b17e20, 0x0000022478c38530,
0x0000022478c39000, 0x0000022478c3a270, 0x0000022478c16790, 0x0000022478c56ee0,
0x0000022478c5c3d0, 0x0000022478c70ce0, 0x000002246cda5300, 0x0000022478fbe8b0,
0x000002247a7ba4f0, 0x0000022479dd9fc0, 0x0000022479dda4d0, 0x0000022479dda9e0,
0x0000022479dd9090, 0x0000022479dd95a0, 0x000002247a6b7b40, 0x000002247a6b7630,
0x000002247a6b3970, 0x000002247a6571e0
}

Java Threads: ( => current thread )
  0x000002246cd43820 JavaThread "main" [_thread_blocked, id=15880, stack(0x00000060b6400000,0x00000060b6500000)]
  0x0000022473b15390 JavaThread "Reference Handler" daemon [_thread_blocked, id=16096, stack(0x00000060b6700000,0x00000060b6800000)]
  0x0000022473b17e20 JavaThread "Finalizer" daemon [_thread_blocked, id=25300, stack(0x00000060b6800000,0x00000060b6900000)]
  0x0000022478c38530 JavaThread "Signal Dispatcher" daemon [_thread_blocked, id=17932, stack(0x00000060b6900000,0x00000060b6a00000)]
  0x0000022478c39000 JavaThread "Attach Listener" daemon [_thread_blocked, id=308, stack(0x00000060b6a00000,0x00000060b6b00000)]
  0x0000022478c3a270 JavaThread "Service Thread" daemon [_thread_blocked, id=22672, stack(0x00000060b6b00000,0x00000060b6c00000)]
  0x0000022478c16790 JavaThread "Monitor Deflation Thread" daemon [_thread_blocked, id=4896, stack(0x00000060b6c00000,0x00000060b6d00000)]
  0x0000022478c56ee0 JavaThread "C2 CompilerThread0" daemon [_thread_blocked, id=17956, stack(0x00000060b6d00000,0x00000060b6e00000)]
  0x0000022478c5c3d0 JavaThread "C1 CompilerThread0" daemon [_thread_blocked, id=22812, stack(0x00000060b6e00000,0x00000060b6f00000)]
  0x0000022478c70ce0 JavaThread "Sweeper thread" daemon [_thread_blocked, id=22284, stack(0x00000060b6f00000,0x00000060b7000000)]
  0x000002246cda5300 JavaThread "Common-Cleaner" daemon [_thread_blocked, id=23952, stack(0x00000060b7000000,0x00000060b7100000)]
  0x0000022478fbe8b0 JavaThread "Notification Thread" daemon [_thread_blocked, id=25456, stack(0x00000060b7300000,0x00000060b7400000)]
=>0x000002247a7ba4f0 JavaThread "C2 CompilerThread1" daemon [_thread_in_native, id=24976, stack(0x00000060b7100000,0x00000060b7200000)]
  0x0000022479dd9fc0 JavaThread "Active Thread: Equinox Container: ba4a8789-3d25-4582-ac62-46dcc088e710" [_thread_blocked, id=15368, stack(0x00000060b7200000,0x00000060b7300000)]
  0x0000022479dda4d0 JavaThread "Framework Event Dispatcher: Equinox Container: ba4a8789-3d25-4582-ac62-46dcc088e710" daemon [_thread_blocked, id=19144, stack(0x00000060b7b00000,0x00000060b7c00000)]
  0x0000022479dda9e0 JavaThread "Start Level: Equinox Container: ba4a8789-3d25-4582-ac62-46dcc088e710" daemon [_thread_in_vm, id=20508, stack(0x00000060b7c00000,0x00000060b7d00000)]
  0x0000022479dd9090 JavaThread "SCR Component Actor" daemon [_thread_blocked, id=25244, stack(0x00000060b7d00000,0x00000060b7e00000)]
  0x0000022479dd95a0 JavaThread "SCR Component Registry" daemon [_thread_blocked, id=14540, stack(0x00000060b7f00000,0x00000060b8000000)]
  0x000002247a6b7b40 JavaThread "Worker-JM" [_thread_blocked, id=19096, stack(0x00000060b8000000,0x00000060b8100000)]
  0x000002247a6b7630 JavaThread "Worker-0" [_thread_blocked, id=21532, stack(0x00000060b8100000,0x00000060b8200000)]
  0x000002247a6b3970 JavaThread "Worker-1" [_thread_blocked, id=9816, stack(0x00000060b8200000,0x00000060b8300000)]
  0x000002247a6571e0 JavaThread "C2 CompilerThread2" daemon [_thread_blocked, id=15796, stack(0x00000060b8300000,0x00000060b8400000)]

Other Threads:
  0x000002246cdeead0 VMThread "VM Thread" [stack: 0x00000060b6600000,0x00000060b6700000] [id=908]
  0x0000022478fa3cd0 WatcherThread [stack: 0x00000060b7400000,0x00000060b7500000] [id=25256]
  0x000002246cd58970 GCTaskThread "GC Thread#0" [stack: 0x00000060b6500000,0x00000060b6600000] [id=1804]
  0x0000022479ec7a30 GCTaskThread "GC Thread#1" [stack: 0x00000060b7500000,0x00000060b7600000] [id=12616]
  0x0000022479ec7cf0 GCTaskThread "GC Thread#2" [stack: 0x00000060b7600000,0x00000060b7700000] [id=19988]
  0x000002247a3e2dc0 GCTaskThread "GC Thread#3" [stack: 0x00000060b7700000,0x00000060b7800000] [id=15904]
  0x000002247a3e3080 GCTaskThread "GC Thread#4" [stack: 0x00000060b7800000,0x00000060b7900000] [id=16152]
  0x000002247a3e3340 GCTaskThread "GC Thread#5" [stack: 0x00000060b7900000,0x00000060b7a00000] [id=5760]
  0x000002247a3e3600 GCTaskThread "GC Thread#6" [stack: 0x00000060b7a00000,0x00000060b7b00000] [id=12848]
  0x000002247a46f6b0 GCTaskThread "GC Thread#7" [stack: 0x00000060b7e00000,0x00000060b7f00000] [id=1892]

Threads with active compile tasks:
C2 CompilerThread1     2987 2365       4       org.lombokweb.asm.ClassReader::readMethod (1066 bytes)

VM state: not at safepoint (normal execution)

VM Mutex/Monitor currently owned by a thread: None

Heap address: 0x00000000c0000000, size: 1024 MB, Compressed Oops mode: 32-bit

CDS archive(s) not mapped
Compressed class space mapped at: 0x0000000100000000-0x0000000140000000, reserved size: 1073741824
Narrow klass base: 0x0000000000000000, Narrow klass shift: 3, Narrow klass range: 0x140000000

GC Precious Log:
 CPUs: 8 total, 8 available
 Memory: 16179M
 Large Page Support: Disabled
 NUMA Support: Disabled
 Compressed Oops: Enabled (32-bit)
 Alignments: Space 512K, Generation 512K, Heap 2M
 Heap Min Capacity: 100M
 Heap Initial Capacity: 100M
 Heap Max Capacity: 1G
 Pre-touch: Disabled
 Parallel Workers: 8

Heap:
 PSYoungGen      total 27136K, used 6939K [0x00000000eab00000, 0x00000000ec900000, 0x0000000100000000)
  eden space 24576K, 17% used [0x00000000eab00000,0x00000000eaf49418,0x00000000ec300000)
  from space 2560K, 99% used [0x00000000ec600000,0x00000000ec87da08,0x00000000ec880000)
  to   space 3072K, 0% used [0x00000000ec300000,0x00000000ec300000,0x00000000ec600000)
 ParOldGen       total 68608K, used 6988K [0x00000000c0000000, 0x00000000c4300000, 0x00000000eab00000)
  object space 68608K, 10% used [0x00000000c0000000,0x00000000c06d3108,0x00000000c4300000)
 Metaspace       used 27270K, committed 27712K, reserved 1114112K
  class space    used 2635K, committed 2880K, reserved 1048576K

Card table byte_map: [0x0000022471390000,0x00000224715a0000] _byte_map_base: 0x0000022470d90000

Marking Bits: (ParMarkBitMap*) 0x00007ffce74fd7d0
 Begin Bits: [0x0000022471700000, 0x0000022472700000)
 End Bits:   [0x0000022472700000, 0x0000022473700000)

Polling page: 0x000002246cdf0000

Metaspace:

Usage:
  Non-class:     24.06 MB used.
      Class:      2.57 MB used.
       Both:     26.63 MB used.

Virtual space:
  Non-class space:       64.00 MB reserved,      24.25 MB ( 38%) committed,  1 nodes.
      Class space:        1.00 GB reserved,       2.81 MB ( <1%) committed,  1 nodes.
             Both:        1.06 GB reserved,      27.06 MB (  2%) committed. 

Chunk freelists:
   Non-Class:  7.61 MB
       Class:  13.14 MB
        Both:  20.75 MB

MaxMetaspaceSize: unlimited
CompressedClassSpaceSize: 1.00 GB
Initial GC threshold: 21.00 MB
Current GC threshold: 35.00 MB
CDS: off
MetaspaceReclaimPolicy: balanced
 - commit_granule_bytes: 65536.
 - commit_granule_words: 8192.
 - virtual_space_node_default_size: 8388608.
 - enlarge_chunks_in_place: 1.
 - new_chunks_are_fully_committed: 0.
 - uncommit_free_chunks: 1.
 - use_allocation_guard: 0.
 - handle_deallocations: 1.


Internal statistics:

num_allocs_failed_limit: 3.
num_arena_births: 278.
num_arena_deaths: 14.
num_vsnodes_births: 2.
num_vsnodes_deaths: 0.
num_space_committed: 434.
num_space_uncommitted: 0.
num_chunks_returned_to_freelist: 17.
num_chunks_taken_from_freelist: 1005.
num_chunk_merges: 5.
num_chunk_splits: 665.
num_chunks_enlarged: 461.
num_inconsistent_stats: 0.

CodeHeap 'non-profiled nmethods': size=120000Kb used=1036Kb max_used=1036Kb free=118963Kb
 bounds [0x0000022407ad0000, 0x0000022407d40000, 0x000002240f000000]
CodeHeap 'profiled nmethods': size=120000Kb used=4760Kb max_used=4760Kb free=115239Kb
 bounds [0x0000022400000000, 0x00000224004b0000, 0x0000022407530000]
CodeHeap 'non-nmethods': size=5760Kb used=1239Kb max_used=1257Kb free=4520Kb
 bounds [0x0000022407530000, 0x00000224077a0000, 0x0000022407ad0000]
 total_blobs=2971 nmethods=2429 adapters=456
 compilation: enabled
              stopped_count=0, restarted_count=0
 full_count=0

Compilation events (20 events):
Event: 2.954 Thread 0x0000022478c5c3d0 nmethod 2412 0x0000022400492d90 code [0x0000022400492fa0, 0x00000224004935d8]
Event: 2.954 Thread 0x0000022478c5c3d0 2411       3       org.eclipse.core.runtime.ListenerList::iterator (12 bytes)
Event: 2.954 Thread 0x0000022478c5c3d0 nmethod 2411 0x0000022400493910 code [0x0000022400493ac0, 0x0000022400493cf8]
Event: 2.954 Thread 0x0000022478c5c3d0 2413       3       org.eclipse.core.internal.preferences.EclipsePreferences::firePreferenceEvent (60 bytes)
Event: 2.956 Thread 0x0000022478c5c3d0 nmethod 2413 0x0000022400493e10 code [0x0000022400494140, 0x0000022400495388]
Event: 2.956 Thread 0x0000022478c5c3d0 2417       3       org.eclipse.core.internal.preferences.ImmutableMap$ArrayMap::<init> (50 bytes)
Event: 2.956 Thread 0x0000022478c5c3d0 nmethod 2417 0x0000022400495a90 code [0x0000022400495c60, 0x0000022400496098]
Event: 2.956 Thread 0x0000022478c5c3d0 2414       3       org.eclipse.core.internal.preferences.EclipsePreferences::makeDirty (30 bytes)
Event: 2.957 Thread 0x0000022478c5c3d0 nmethod 2414 0x0000022400496210 code [0x0000022400496400, 0x00000224004969b8]
Event: 2.957 Thread 0x0000022478c5c3d0 2415       3       org.eclipse.core.internal.preferences.ImmutableMap::<init> (5 bytes)
Event: 2.957 Thread 0x0000022478c5c3d0 nmethod 2415 0x0000022400496c10 code [0x0000022400496da0, 0x0000022400496ef8]
Event: 2.957 Thread 0x0000022478c5c3d0 2416   !   3       org.eclipse.core.internal.preferences.EclipsePreferences::internalPut (87 bytes)
Event: 2.958 Thread 0x0000022478c5c3d0 nmethod 2416 0x0000022400496f90 code [0x00000224004971e0, 0x0000022400497a48]
Event: 2.958 Thread 0x0000022478c5c3d0 2419       3       org.eclipse.core.runtime.preferences.IEclipsePreferences$PreferenceChangeEvent::<init> (41 bytes)
Event: 2.958 Thread 0x0000022478c5c3d0 nmethod 2419 0x0000022400497f90 code [0x0000022400498160, 0x00000224004986d8]
Event: 2.958 Thread 0x0000022478c5c3d0 2418       3       org.eclipse.core.internal.preferences.EclipsePreferences::put (43 bytes)
Event: 2.959 Thread 0x0000022478c5c3d0 nmethod 2418 0x0000022400498890 code [0x0000022400498ac0, 0x00000224004994f8]
Event: 2.959 Thread 0x0000022478c5c3d0 2423       3       org.eclipse.core.internal.preferences.DefaultPreferences::getLoadLevel (52 bytes)
Event: 2.960 Thread 0x0000022478c5c3d0 nmethod 2423 0x0000022400499810 code [0x0000022400499a00, 0x000002240049a078]
Event: 2.960 Thread 0x0000022478c5c3d0 2424   !   3       org.eclipse.core.internal.preferences.EclipsePreferences::getChild (95 bytes)

GC Heap History (13 events):
Event: 1.103 GC heap before
{Heap before GC invocations=1 (full 0):
 PSYoungGen      total 29696K, used 25600K [0x00000000eab00000, 0x00000000ecc00000, 0x0000000100000000)
  eden space 25600K, 100% used [0x00000000eab00000,0x00000000ec400000,0x00000000ec400000)
  from space 4096K, 0% used [0x00000000ec800000,0x00000000ec800000,0x00000000ecc00000)
  to   space 4096K, 0% used [0x00000000ec400000,0x00000000ec400000,0x00000000ec800000)
 ParOldGen       total 68608K, used 0K [0x00000000c0000000, 0x00000000c4300000, 0x00000000eab00000)
  object space 68608K, 0% used [0x00000000c0000000,0x00000000c0000000,0x00000000c4300000)
 Metaspace       used 10958K, committed 11200K, reserved 1114112K
  class space    used 1086K, committed 1216K, reserved 1048576K
}
Event: 1.110 GC heap after
{Heap after GC invocations=1 (full 0):
 PSYoungGen      total 29696K, used 3330K [0x00000000eab00000, 0x00000000ecc00000, 0x0000000100000000)
  eden space 25600K, 0% used [0x00000000eab00000,0x00000000eab00000,0x00000000ec400000)
  from space 4096K, 81% used [0x00000000ec400000,0x00000000ec740898,0x00000000ec800000)
  to   space 4096K, 0% used [0x00000000ec800000,0x00000000ec800000,0x00000000ecc00000)
 ParOldGen       total 68608K, used 16K [0x00000000c0000000, 0x00000000c4300000, 0x00000000eab00000)
  object space 68608K, 0% used [0x00000000c0000000,0x00000000c0004000,0x00000000c4300000)
 Metaspace       used 10958K, committed 11200K, reserved 1114112K
  class space    used 1086K, committed 1216K, reserved 1048576K
}
Event: 1.771 GC heap before
{Heap before GC invocations=2 (full 0):
 PSYoungGen      total 29696K, used 28930K [0x00000000eab00000, 0x00000000ecc00000, 0x0000000100000000)
  eden space 25600K, 100% used [0x00000000eab00000,0x00000000ec400000,0x00000000ec400000)
  from space 4096K, 81% used [0x00000000ec400000,0x00000000ec740898,0x00000000ec800000)
  to   space 4096K, 0% used [0x00000000ec800000,0x00000000ec800000,0x00000000ecc00000)
 ParOldGen       total 68608K, used 16K [0x00000000c0000000, 0x00000000c4300000, 0x00000000eab00000)
  object space 68608K, 0% used [0x00000000c0000000,0x00000000c0004000,0x00000000c4300000)
 Metaspace       used 14717K, committed 14976K, reserved 1114112K
  class space    used 1487K, committed 1600K, reserved 1048576K
}
Event: 1.777 GC heap after
{Heap after GC invocations=2 (full 0):
 PSYoungGen      total 29696K, used 4071K [0x00000000eab00000, 0x00000000ecc00000, 0x0000000100000000)
  eden space 25600K, 0% used [0x00000000eab00000,0x00000000eab00000,0x00000000ec400000)
  from space 4096K, 99% used [0x00000000ec800000,0x00000000ecbf9d98,0x00000000ecc00000)
  to   space 4096K, 0% used [0x00000000ec400000,0x00000000ec400000,0x00000000ec800000)
 ParOldGen       total 68608K, used 931K [0x00000000c0000000, 0x00000000c4300000, 0x00000000eab00000)
  object space 68608K, 1% used [0x00000000c0000000,0x00000000c00e8ee8,0x00000000c4300000)
 Metaspace       used 14717K, committed 14976K, reserved 1114112K
  class space    used 1487K, committed 1600K, reserved 1048576K
}
Event: 2.211 GC heap before
{Heap before GC invocations=3 (full 0):
 PSYoungGen      total 29696K, used 29671K [0x00000000eab00000, 0x00000000ecc00000, 0x0000000100000000)
  eden space 25600K, 100% used [0x00000000eab00000,0x00000000ec400000,0x00000000ec400000)
  from space 4096K, 99% used [0x00000000ec800000,0x00000000ecbf9d98,0x00000000ecc00000)
  to   space 4096K, 0% used [0x00000000ec400000,0x00000000ec400000,0x00000000ec800000)
 ParOldGen       total 68608K, used 931K [0x00000000c0000000, 0x00000000c4300000, 0x00000000eab00000)
  object space 68608K, 1% used [0x00000000c0000000,0x00000000c00e8ee8,0x00000000c4300000)
 Metaspace       used 19691K, committed 20096K, reserved 1114112K
  class space    used 2011K, committed 2176K, reserved 1048576K
}
Event: 2.215 GC heap after
{Heap after GC invocations=3 (full 0):
 PSYoungGen      total 29696K, used 4080K [0x00000000eab00000, 0x00000000ecc00000, 0x0000000100000000)
  eden space 25600K, 0% used [0x00000000eab00000,0x00000000eab00000,0x00000000ec400000)
  from space 4096K, 99% used [0x00000000ec400000,0x00000000ec7fc330,0x00000000ec800000)
  to   space 4096K, 0% used [0x00000000ec800000,0x00000000ec800000,0x00000000ecc00000)
 ParOldGen       total 68608K, used 2623K [0x00000000c0000000, 0x00000000c4300000, 0x00000000eab00000)
  object space 68608K, 3% used [0x00000000c0000000,0x00000000c028fd78,0x00000000c4300000)
 Metaspace       used 19691K, committed 20096K, reserved 1114112K
  class space    used 2011K, committed 2176K, reserved 1048576K
}
Event: 2.436 GC heap before
{Heap before GC invocations=4 (full 0):
 PSYoungGen      total 29696K, used 11911K [0x00000000eab00000, 0x00000000ecc00000, 0x0000000100000000)
  eden space 25600K, 30% used [0x00000000eab00000,0x00000000eb2a5cb0,0x00000000ec400000)
  from space 4096K, 99% used [0x00000000ec400000,0x00000000ec7fc330,0x00000000ec800000)
  to   space 4096K, 0% used [0x00000000ec800000,0x00000000ec800000,0x00000000ecc00000)
 ParOldGen       total 68608K, used 2623K [0x00000000c0000000, 0x00000000c4300000, 0x00000000eab00000)
  object space 68608K, 3% used [0x00000000c0000000,0x00000000c028fd78,0x00000000c4300000)
 Metaspace       used 21074K, committed 21504K, reserved 1114112K
  class space    used 2154K, committed 2368K, reserved 1048576K
}
Event: 2.440 GC heap after
{Heap after GC invocations=4 (full 0):
 PSYoungGen      total 29696K, used 4089K [0x00000000eab00000, 0x00000000ecc00000, 0x0000000100000000)
  eden space 25600K, 0% used [0x00000000eab00000,0x00000000eab00000,0x00000000ec400000)
  from space 4096K, 99% used [0x00000000ec800000,0x00000000ecbfe788,0x00000000ecc00000)
  to   space 4096K, 0% used [0x00000000ec400000,0x00000000ec400000,0x00000000ec800000)
 ParOldGen       total 68608K, used 3007K [0x00000000c0000000, 0x00000000c4300000, 0x00000000eab00000)
  object space 68608K, 4% used [0x00000000c0000000,0x00000000c02effa0,0x00000000c4300000)
 Metaspace       used 21074K, committed 21504K, reserved 1114112K
  class space    used 2154K, committed 2368K, reserved 1048576K
}
Event: 2.440 GC heap before
{Heap before GC invocations=5 (full 1):
 PSYoungGen      total 29696K, used 4089K [0x00000000eab00000, 0x00000000ecc00000, 0x0000000100000000)
  eden space 25600K, 0% used [0x00000000eab00000,0x00000000eab00000,0x00000000ec400000)
  from space 4096K, 99% used [0x00000000ec800000,0x00000000ecbfe788,0x00000000ecc00000)
  to   space 4096K, 0% used [0x00000000ec400000,0x00000000ec400000,0x00000000ec800000)
 ParOldGen       total 68608K, used 3007K [0x00000000c0000000, 0x00000000c4300000, 0x00000000eab00000)
  object space 68608K, 4% used [0x00000000c0000000,0x00000000c02effa0,0x00000000c4300000)
 Metaspace       used 21074K, committed 21504K, reserved 1114112K
  class space    used 2154K, committed 2368K, reserved 1048576K
}
Event: 2.468 GC heap after
{Heap after GC invocations=5 (full 1):
 PSYoungGen      total 29696K, used 0K [0x00000000eab00000, 0x00000000ecc00000, 0x0000000100000000)
  eden space 25600K, 0% used [0x00000000eab00000,0x00000000eab00000,0x00000000ec400000)
  from space 4096K, 0% used [0x00000000ec800000,0x00000000ec800000,0x00000000ecc00000)
  to   space 4096K, 0% used [0x00000000ec400000,0x00000000ec400000,0x00000000ec800000)
 ParOldGen       total 68608K, used 6916K [0x00000000c0000000, 0x00000000c4300000, 0x00000000eab00000)
  object space 68608K, 10% used [0x00000000c0000000,0x00000000c06c10f8,0x00000000c4300000)
 Metaspace       used 21061K, committed 21504K, reserved 1114112K
  class space    used 2151K, committed 2368K, reserved 1048576K
}
Event: 2.728 GC heap before
{Heap before GC invocations=6 (full 1):
 PSYoungGen      total 29696K, used 25600K [0x00000000eab00000, 0x00000000ecc00000, 0x0000000100000000)
  eden space 25600K, 100% used [0x00000000eab00000,0x00000000ec400000,0x00000000ec400000)
  from space 4096K, 0% used [0x00000000ec800000,0x00000000ec800000,0x00000000ecc00000)
  to   space 4096K, 0% used [0x00000000ec400000,0x00000000ec400000,0x00000000ec800000)
 ParOldGen       total 68608K, used 6916K [0x00000000c0000000, 0x00000000c4300000, 0x00000000eab00000)
  object space 68608K, 10% used [0x00000000c0000000,0x00000000c06c10f8,0x00000000c4300000)
 Metaspace       used 24119K, committed 24576K, reserved 1114112K
  class space    used 2389K, committed 2624K, reserved 1048576K
}
Event: 2.729 GC heap after
{Heap after GC invocations=6 (full 1):
 PSYoungGen      total 26112K, used 825K [0x00000000eab00000, 0x00000000ec880000, 0x0000000100000000)
  eden space 25088K, 0% used [0x00000000eab00000,0x00000000eab00000,0x00000000ec380000)
  from space 1024K, 80% used [0x00000000ec400000,0x00000000ec4ce648,0x00000000ec500000)
  to   space 2560K, 0% used [0x00000000ec600000,0x00000000ec600000,0x00000000ec880000)
 ParOldGen       total 68608K, used 6924K [0x00000000c0000000, 0x00000000c4300000, 0x00000000eab00000)
  object space 68608K, 10% used [0x00000000c0000000,0x00000000c06c30f8,0x00000000c4300000)
 Metaspace       used 24119K, committed 24576K, reserved 1114112K
  class space    used 2389K, committed 2624K, reserved 1048576K
}
Event: 2.960 GC heap before
{Heap before GC invocations=7 (full 1):
 PSYoungGen      total 26112K, used 25913K [0x00000000eab00000, 0x00000000ec880000, 0x0000000100000000)
  eden space 25088K, 100% used [0x00000000eab00000,0x00000000ec380000,0x00000000ec380000)
  from space 1024K, 80% used [0x00000000ec400000,0x00000000ec4ce648,0x00000000ec500000)
  to   space 2560K, 0% used [0x00000000ec600000,0x00000000ec600000,0x00000000ec880000)
 ParOldGen       total 68608K, used 6924K [0x00000000c0000000, 0x00000000c4300000, 0x00000000eab00000)
  object space 68608K, 10% used [0x00000000c0000000,0x00000000c06c30f8,0x00000000c4300000)
 Metaspace       used 27175K, committed 27648K, reserved 1114112K
  class space    used 2624K, committed 2880K, reserved 1048576K
}

Dll operation events (9 events):
Event: 0.011 Loaded shared library c:\Users\Jim Lin\.vscode\extensions\redhat.java-1.29.0-win32-x64\jre\17.0.10-win32-x86_64\bin\java.dll
Event: 0.220 Loaded shared library c:\Users\Jim Lin\.vscode\extensions\redhat.java-1.29.0-win32-x64\jre\17.0.10-win32-x86_64\bin\zip.dll
Event: 0.231 Loaded shared library C:\Users\Jim Lin\.vscode\extensions\redhat.java-1.29.0-win32-x64\jre\17.0.10-win32-x86_64\bin\instrument.dll
Event: 0.251 Loaded shared library C:\Users\Jim Lin\.vscode\extensions\redhat.java-1.29.0-win32-x64\jre\17.0.10-win32-x86_64\bin\net.dll
Event: 0.253 Loaded shared library C:\Users\Jim Lin\.vscode\extensions\redhat.java-1.29.0-win32-x64\jre\17.0.10-win32-x86_64\bin\nio.dll
Event: 0.261 Loaded shared library C:\Users\Jim Lin\.vscode\extensions\redhat.java-1.29.0-win32-x64\jre\17.0.10-win32-x86_64\bin\zip.dll
Event: 0.284 Loaded shared library C:\Users\Jim Lin\.vscode\extensions\redhat.java-1.29.0-win32-x64\jre\17.0.10-win32-x86_64\bin\jimage.dll
Event: 0.356 Loaded shared library c:\Users\Jim Lin\.vscode\extensions\redhat.java-1.29.0-win32-x64\jre\17.0.10-win32-x86_64\bin\verify.dll
Event: 1.674 Loaded shared library C:\Users\Jim Lin\AppData\Roaming\Code\User\globalStorage\redhat.java\1.29.0\config_ss_win\org.eclipse.equinox.launcher\org.eclipse.equinox.launcher.win32.win32.x86_64_1.2.900.v20240213-1244\eclipse_11900.dll

Deoptimization events (20 events):
Event: 2.431 Thread 0x0000022479dda9e0 Uncommon trap: trap_request=0xffffff45 fr.pc=0x0000022407b1d2f4 relative=0x0000000000000074
Event: 2.431 Thread 0x0000022479dda9e0 Uncommon trap: reason=unstable_if action=reinterpret pc=0x0000022407b1d2f4 method=jdk.internal.misc.Unsafe.convEndian(ZJ)J @ 4 c2
Event: 2.431 Thread 0x0000022479dda9e0 DEOPT PACKING pc=0x0000022407b1d2f4 sp=0x00000060b7cf78a0
Event: 2.431 Thread 0x0000022479dda9e0 DEOPT UNPACKING pc=0x0000022407589ea3 sp=0x00000060b7cf77c8 mode 2
Event: 2.431 Thread 0x0000022479dda9e0 Uncommon trap: trap_request=0xffffff45 fr.pc=0x0000022407b64994 relative=0x0000000000000094
Event: 2.431 Thread 0x0000022479dda9e0 Uncommon trap: reason=unstable_if action=reinterpret pc=0x0000022407b64994 method=jdk.internal.misc.Unsafe.getLongUnaligned(Ljava/lang/Object;J)J @ 7 c2
Event: 2.431 Thread 0x0000022479dda9e0 DEOPT PACKING pc=0x0000022407b64994 sp=0x00000060b7cf7810
Event: 2.431 Thread 0x0000022479dda9e0 DEOPT UNPACKING pc=0x0000022407589ea3 sp=0x00000060b7cf77c0 mode 2
Event: 2.482 Thread 0x0000022479dda9e0 Uncommon trap: trap_request=0xffffff45 fr.pc=0x0000022407afcc48 relative=0x0000000000000048
Event: 2.483 Thread 0x0000022479dda9e0 Uncommon trap: reason=unstable_if action=reinterpret pc=0x0000022407afcc48 method=java.lang.CharacterData.of(I)Ljava/lang/CharacterData; @ 4 c2
Event: 2.483 Thread 0x0000022479dda9e0 DEOPT PACKING pc=0x0000022407afcc48 sp=0x00000060b7cf8810
Event: 2.483 Thread 0x0000022479dda9e0 DEOPT UNPACKING pc=0x0000022407589ea3 sp=0x00000060b7cf87a8 mode 2
Event: 2.618 Thread 0x0000022479dda9e0 Uncommon trap: trap_request=0xffffff45 fr.pc=0x0000022407bbfd6c relative=0x00000000000007ac
Event: 2.618 Thread 0x0000022479dda9e0 Uncommon trap: reason=unstable_if action=reinterpret pc=0x0000022407bbfd6c method=org.lombokweb.asm.ClassReader.readUTF8(I[C)Ljava/lang/String; @ 11 c2
Event: 2.618 Thread 0x0000022479dda9e0 DEOPT PACKING pc=0x0000022407bbfd6c sp=0x00000060b7cef390
Event: 2.618 Thread 0x0000022479dda9e0 DEOPT UNPACKING pc=0x0000022407589ea3 sp=0x00000060b7cef388 mode 2
Event: 2.840 Thread 0x0000022479dda9e0 Uncommon trap: trap_request=0xffffff45 fr.pc=0x0000022407bc9020 relative=0x0000000000000200
Event: 2.840 Thread 0x0000022479dda9e0 Uncommon trap: reason=unstable_if action=reinterpret pc=0x0000022407bc9020 method=org.lombokweb.asm.Label.resolve([BLorg/lombokweb/asm/ByteVector;I)Z @ 81 c2
Event: 2.840 Thread 0x0000022479dda9e0 DEOPT PACKING pc=0x0000022407bc9020 sp=0x00000060b7cf2610
Event: 2.840 Thread 0x0000022479dda9e0 DEOPT UNPACKING pc=0x0000022407589ea3 sp=0x00000060b7cf2580 mode 2

Classes unloaded (7 events):
Event: 2.446 Thread 0x000002246cdeead0 Unloading class 0x000000010021a400 'java/lang/invoke/LambdaForm$MH+0x000000010021a400'
Event: 2.446 Thread 0x000002246cdeead0 Unloading class 0x000000010021a000 'java/lang/invoke/LambdaForm$MH+0x000000010021a000'
Event: 2.446 Thread 0x000002246cdeead0 Unloading class 0x0000000100219c00 'java/lang/invoke/LambdaForm$MH+0x0000000100219c00'
Event: 2.446 Thread 0x000002246cdeead0 Unloading class 0x0000000100219800 'java/lang/invoke/LambdaForm$MH+0x0000000100219800'
Event: 2.446 Thread 0x000002246cdeead0 Unloading class 0x0000000100219400 'java/lang/invoke/LambdaForm$BMH+0x0000000100219400'
Event: 2.446 Thread 0x000002246cdeead0 Unloading class 0x0000000100219000 'java/lang/invoke/LambdaForm$DMH+0x0000000100219000'
Event: 2.446 Thread 0x000002246cdeead0 Unloading class 0x0000000100214400 'java/lang/invoke/LambdaForm$DMH+0x0000000100214400'

Classes redefined (0 events):
No events

Internal exceptions (20 events):
Event: 2.143 Thread 0x0000022479dda9e0 Exception <a 'java/lang/NoSuchMethodError'{0x00000000ec099d00}: 'int java.lang.invoke.DirectMethodHandle$Holder.invokeSpecial(java.lang.Object, java.lang.Object, java.lang.Object, int)'> (0x00000000ec099d00) 
thrown [s\src\hotspot\share\interpreter\linkResolver.cpp, line 759]
Event: 2.145 Thread 0x0000022479dda9e0 Exception <a 'java/lang/NoSuchMethodError'{0x00000000ec0b6460}: 'java.lang.Object java.lang.invoke.DirectMethodHandle$Holder.invokeStatic(java.lang.Object, java.lang.Object, java.lang.Object, java.lang.Object, int)'> (0x00000000ec0b6460) 
thrown [s\src\hotspot\share\interpreter\linkResolver.cpp, line 759]
Event: 2.146 Thread 0x0000022479dda9e0 Exception <a 'java/lang/NoSuchMethodError'{0x00000000ec0c2458}: 'java.lang.Object java.lang.invoke.DelegatingMethodHandle$Holder.reinvoke_L(java.lang.Object, java.lang.Object, java.lang.Object, java.lang.Object, int, int)'> (0x00000000ec0c2458) 
thrown [s\src\hotspot\share\interpreter\linkResolver.cpp, line 759]
Event: 2.148 Thread 0x0000022479dda9e0 Exception <a 'java/lang/NoSuchMethodError'{0x00000000ec0d6fa0}: 'java.lang.Object java.lang.invoke.Invokers$Holder.invokeExact_MT(java.lang.Object, java.lang.Object, java.lang.Object, java.lang.Object)'> (0x00000000ec0d6fa0) 
thrown [s\src\hotspot\share\interpreter\linkResolver.cpp, line 759]
Event: 2.201 Thread 0x0000022479dda9e0 Exception <a 'java/io/FileNotFoundException'{0x00000000ec36a488}> (0x00000000ec36a488) 
thrown [s\src\hotspot\share\prims\jni.cpp, line 516]
Event: 2.202 Thread 0x0000022479dda9e0 Exception <a 'java/io/FileNotFoundException'{0x00000000ec371d70}> (0x00000000ec371d70) 
thrown [s\src\hotspot\share\prims\jni.cpp, line 516]
Event: 2.276 Thread 0x0000022479dda9e0 Exception <a 'java/lang/NoSuchMethodError'{0x00000000ead78190}: 'java.lang.Object java.lang.invoke.DirectMethodHandle$Holder.newInvokeSpecial(java.lang.Object, java.lang.Object, java.lang.Object, java.lang.Object, java.lang.Object)'> (0x00000000ead78190) 
thrown [s\src\hotspot\share\interpreter\linkResolver.cpp, line 759]
Event: 2.306 Thread 0x0000022479dda9e0 Exception <a 'java/lang/NoSuchMethodError'{0x00000000eaeb3458}: 'java.lang.Object java.lang.invoke.DirectMethodHandle$Holder.invokeStaticInit(java.lang.Object, int)'> (0x00000000eaeb3458) 
thrown [s\src\hotspot\share\interpreter\linkResolver.cpp, line 759]
Event: 2.396 Thread 0x0000022479dda9e0 Exception <a 'java/lang/NoSuchMethodError'{0x00000000eb108490}: 'java.lang.Object java.lang.invoke.DirectMethodHandle$Holder.invokeSpecial(java.lang.Object, java.lang.Object, java.lang.Object, long, java.lang.Object)'> (0x00000000eb108490) 
thrown [s\src\hotspot\share\interpreter\linkResolver.cpp, line 759]
Event: 2.397 Thread 0x0000022479dda9e0 Exception <a 'java/lang/NoSuchMethodError'{0x00000000eb110648}: 'java.lang.Object java.lang.invoke.DirectMethodHandle$Holder.newInvokeSpecial(java.lang.Object, java.lang.Object, java.lang.Object, long)'> (0x00000000eb110648) 
thrown [s\src\hotspot\share\interpreter\linkResolver.cpp, line 759]
Event: 2.398 Thread 0x0000022479dda9e0 Exception <a 'java/lang/NoSuchMethodError'{0x00000000eb114be8}: 'java.lang.Object java.lang.invoke.DirectMethodHandle$Holder.invokeSpecial(java.lang.Object, java.lang.Object, java.lang.Object, java.lang.Object, long)'> (0x00000000eb114be8) 
thrown [s\src\hotspot\share\interpreter\linkResolver.cpp, line 759]
Event: 2.398 Thread 0x0000022479dda9e0 Exception <a 'java/lang/NoSuchMethodError'{0x00000000eb118a60}: 'java.lang.Object java.lang.invoke.Invokers$Holder.linkToTargetMethod(java.lang.Object, java.lang.Object, long, java.lang.Object)'> (0x00000000eb118a60) 
thrown [s\src\hotspot\share\interpreter\linkResolver.cpp, line 759]
Event: 2.417 Thread 0x0000022479dda9e0 Exception <a 'java/lang/NoSuchMethodError'{0x00000000eb19a4e8}: 'int java.lang.invoke.DirectMethodHandle$Holder.invokeStaticInit(java.lang.Object, java.lang.Object, java.lang.Object)'> (0x00000000eb19a4e8) 
thrown [s\src\hotspot\share\interpreter\linkResolver.cpp, line 759]
Event: 2.499 Thread 0x0000022479dda9e0 Exception <a 'java/lang/IncompatibleClassChangeError'{0x00000000eacc3898}: Found class java.lang.Object, but interface was expected> (0x00000000eacc3898) 
thrown [s\src\hotspot\share\interpreter\linkResolver.cpp, line 826]
Event: 2.505 Thread 0x0000022479dda9e0 Exception <a 'java/lang/NoSuchMethodError'{0x00000000eacd8758}: 'java.lang.Object java.lang.invoke.DirectMethodHandle$Holder.invokeSpecial(java.lang.Object, java.lang.Object, java.lang.Object, int, java.lang.Object, java.lang.Object)'> (0x00000000eacd8758) 
thrown [s\src\hotspot\share\interpreter\linkResolver.cpp, line 759]
Event: 2.506 Thread 0x0000022479dda9e0 Exception <a 'java/lang/NoSuchMethodError'{0x00000000eace0ee0}: 'java.lang.Object java.lang.invoke.DirectMethodHandle$Holder.newInvokeSpecial(java.lang.Object, java.lang.Object, java.lang.Object, int, java.lang.Object)'> (0x00000000eace0ee0) 
thrown [s\src\hotspot\share\interpreter\linkResolver.cpp, line 759]
Event: 2.506 Thread 0x0000022479dda9e0 Exception <a 'java/lang/NoSuchMethodError'{0x00000000eace5338}: 'java.lang.Object java.lang.invoke.DirectMethodHandle$Holder.invokeSpecial(java.lang.Object, java.lang.Object, java.lang.Object, java.lang.Object, int, java.lang.Object)'> (0x00000000eace5338) 
thrown [s\src\hotspot\share\interpreter\linkResolver.cpp, line 759]
Event: 2.507 Thread 0x000002247a6b7630 Exception <a 'java/lang/NoSuchMethodError'{0x00000000ead154d0}: 'java.lang.Object java.lang.invoke.DirectMethodHandle$Holder.invokeSpecial(java.lang.Object, java.lang.Object, int, java.lang.Object, java.lang.Object)'> (0x00000000ead154d0) 
thrown [s\src\hotspot\share\interpreter\linkResolver.cpp, line 759]
Event: 2.508 Thread 0x000002247a6b7630 Exception <a 'java/lang/NoSuchMethodError'{0x00000000ead1cba0}: 'java.lang.Object java.lang.invoke.DirectMethodHandle$Holder.newInvokeSpecial(java.lang.Object, java.lang.Object, int, java.lang.Object)'> (0x00000000ead1cba0) 
thrown [s\src\hotspot\share\interpreter\linkResolver.cpp, line 759]
Event: 2.509 Thread 0x000002247a6b7630 Exception <a 'java/lang/NoSuchMethodError'{0x00000000ead206b0}: 'java.lang.Object java.lang.invoke.DirectMethodHandle$Holder.invokeSpecial(java.lang.Object, java.lang.Object, java.lang.Object, int, java.lang.Object)'> (0x00000000ead206b0) 
thrown [s\src\hotspot\share\interpreter\linkResolver.cpp, line 759]

VM Operations (20 events):
Event: 1.752 Executing VM operation: HandshakeAllThreads done
Event: 1.771 Executing VM operation: ParallelGCFailedAllocation
Event: 1.777 Executing VM operation: ParallelGCFailedAllocation done
Event: 2.038 Executing VM operation: HandshakeAllThreads
Event: 2.039 Executing VM operation: HandshakeAllThreads done
Event: 2.136 Executing VM operation: HandshakeAllThreads
Event: 2.136 Executing VM operation: HandshakeAllThreads done
Event: 2.211 Executing VM operation: ParallelGCFailedAllocation
Event: 2.215 Executing VM operation: ParallelGCFailedAllocation done
Event: 2.430 Executing VM operation: HandshakeAllThreads
Event: 2.430 Executing VM operation: HandshakeAllThreads done
Event: 2.436 Executing VM operation: CollectForMetadataAllocation
Event: 2.468 Executing VM operation: CollectForMetadataAllocation done
Event: 2.484 Executing VM operation: HandshakeAllThreads
Event: 2.484 Executing VM operation: HandshakeAllThreads done
Event: 2.522 Executing VM operation: HandshakeAllThreads
Event: 2.522 Executing VM operation: HandshakeAllThreads done
Event: 2.728 Executing VM operation: ParallelGCFailedAllocation
Event: 2.729 Executing VM operation: ParallelGCFailedAllocation done
Event: 2.960 Executing VM operation: ParallelGCFailedAllocation

Events (20 events):
Event: 2.564 loading class java/util/zip/GZIPInputStream done
Event: 2.581 loading class java/io/StringReader
Event: 2.581 loading class java/io/StringReader done
Event: 2.589 loading class java/net/SocketTimeoutException
Event: 2.589 loading class java/io/InterruptedIOException
Event: 2.589 loading class java/io/InterruptedIOException done
Event: 2.589 loading class java/net/SocketTimeoutException done
Event: 2.589 loading class java/net/SocketException
Event: 2.589 loading class java/net/SocketException done
Event: 2.589 loading class java/net/UnknownHostException
Event: 2.589 loading class java/net/UnknownHostException done
Event: 2.589 loading class java/net/ProtocolException
Event: 2.589 loading class java/net/ProtocolException done
Event: 2.605 loading class java/lang/ThreadLocal$SuppliedThreadLocal
Event: 2.605 loading class java/lang/ThreadLocal$SuppliedThreadLocal done
Event: 2.650 Thread 0x000002247a6571e0 Thread added: 0x000002247a6571e0
Event: 2.673 loading class java/io/FileWriter
Event: 2.673 loading class java/io/FileWriter done
Event: 2.674 loading class java/lang/NegativeArraySizeException
Event: 2.674 loading class java/lang/NegativeArraySizeException done


Dynamic libraries:
0x00007ff789b20000 - 0x00007ff789b2e000 	c:\Users\Jim Lin\.vscode\extensions\redhat.java-1.29.0-win32-x64\jre\17.0.10-win32-x86_64\bin\java.exe
0x00007ffd5c350000 - 0x00007ffd5c566000 	C:\WINDOWS\SYSTEM32\ntdll.dll
0x00007ffd5b160000 - 0x00007ffd5b224000 	C:\WINDOWS\System32\KERNEL32.DLL
0x00007ffd59b80000 - 0x00007ffd59f27000 	C:\WINDOWS\System32\KERNELBASE.dll
0x00007ffd59f60000 - 0x00007ffd5a071000 	C:\WINDOWS\System32\ucrtbase.dll
0x00007ffd49080000 - 0x00007ffd49097000 	c:\Users\Jim Lin\.vscode\extensions\redhat.java-1.29.0-win32-x64\jre\17.0.10-win32-x86_64\bin\jli.dll
0x00007ffd490a0000 - 0x00007ffd490bb000 	c:\Users\Jim Lin\.vscode\extensions\redhat.java-1.29.0-win32-x64\jre\17.0.10-win32-x86_64\bin\VCRUNTIME140.dll
0x00007ffd5bab0000 - 0x00007ffd5bc5e000 	C:\WINDOWS\System32\USER32.dll
0x00007ffd59f30000 - 0x00007ffd59f56000 	C:\WINDOWS\System32\win32u.dll
0x00007ffd387a0000 - 0x00007ffd38a33000 	C:\WINDOWS\WinSxS\amd64_microsoft.windows.common-controls_6595b64144ccf1df_6.0.22621.3235_none_270f74e173860f98\COMCTL32.dll
0x00007ffd5ac00000 - 0x00007ffd5aca7000 	C:\WINDOWS\System32\msvcrt.dll
0x00007ffd5a080000 - 0x00007ffd5a0a9000 	C:\WINDOWS\System32\GDI32.dll
0x00007ffd59790000 - 0x00007ffd598a9000 	C:\WINDOWS\System32\gdi32full.dll
0x00007ffd598b0000 - 0x00007ffd5994a000 	C:\WINDOWS\System32\msvcp_win.dll
0x00007ffd5b120000 - 0x00007ffd5b151000 	C:\WINDOWS\System32\IMM32.DLL
0x00007ffd54420000 - 0x00007ffd5442c000 	c:\Users\Jim Lin\.vscode\extensions\redhat.java-1.29.0-win32-x64\jre\17.0.10-win32-x86_64\bin\vcruntime140_1.dll
0x00007ffd1ff10000 - 0x00007ffd1ff9d000 	c:\Users\Jim Lin\.vscode\extensions\redhat.java-1.29.0-win32-x64\jre\17.0.10-win32-x86_64\bin\msvcp140.dll
0x00007ffce6960000 - 0x00007ffce75c2000 	c:\Users\Jim Lin\.vscode\extensions\redhat.java-1.29.0-win32-x64\jre\17.0.10-win32-x86_64\bin\server\jvm.dll
0x00007ffd5acc0000 - 0x00007ffd5ad72000 	C:\WINDOWS\System32\ADVAPI32.dll
0x00007ffd5b980000 - 0x00007ffd5ba28000 	C:\WINDOWS\System32\sechost.dll
0x00007ffd59670000 - 0x00007ffd59698000 	C:\WINDOWS\System32\bcrypt.dll
0x00007ffd5ad80000 - 0x00007ffd5ae95000 	C:\WINDOWS\System32\RPCRT4.dll
0x00007ffd54390000 - 0x00007ffd54399000 	C:\WINDOWS\SYSTEM32\WSOCK32.dll
0x00007ffd4daa0000 - 0x00007ffd4dad4000 	C:\WINDOWS\SYSTEM32\WINMM.dll
0x00007ffd5af90000 - 0x00007ffd5b001000 	C:\WINDOWS\System32\WS2_32.dll
0x00007ffd49ad0000 - 0x00007ffd49ada000 	C:\WINDOWS\SYSTEM32\VERSION.dll
0x00007ffd584e0000 - 0x00007ffd5852d000 	C:\WINDOWS\SYSTEM32\POWRPROF.dll
0x00007ffd584c0000 - 0x00007ffd584d3000 	C:\WINDOWS\SYSTEM32\UMPDC.dll
0x00007ffd58780000 - 0x00007ffd58798000 	C:\WINDOWS\SYSTEM32\kernel.appcore.dll
0x00007ffd4f950000 - 0x00007ffd4f95a000 	c:\Users\Jim Lin\.vscode\extensions\redhat.java-1.29.0-win32-x64\jre\17.0.10-win32-x86_64\bin\jimage.dll
0x00007ffd56880000 - 0x00007ffd56ab3000 	C:\WINDOWS\SYSTEM32\DBGHELP.DLL
0x00007ffd5be10000 - 0x00007ffd5c198000 	C:\WINDOWS\System32\combase.dll
0x00007ffd5aea0000 - 0x00007ffd5af77000 	C:\WINDOWS\System32\OLEAUT32.dll
0x00007ffd49570000 - 0x00007ffd495a2000 	C:\WINDOWS\SYSTEM32\dbgcore.DLL
0x00007ffd596a0000 - 0x00007ffd59719000 	C:\WINDOWS\System32\bcryptPrimitives.dll
0x00007ffd4f7e0000 - 0x00007ffd4f7ee000 	c:\Users\Jim Lin\.vscode\extensions\redhat.java-1.29.0-win32-x64\jre\17.0.10-win32-x86_64\bin\instrument.dll
0x00007ffd40370000 - 0x00007ffd40395000 	c:\Users\Jim Lin\.vscode\extensions\redhat.java-1.29.0-win32-x64\jre\17.0.10-win32-x86_64\bin\java.dll
0x00007ffd48320000 - 0x00007ffd48338000 	c:\Users\Jim Lin\.vscode\extensions\redhat.java-1.29.0-win32-x64\jre\17.0.10-win32-x86_64\bin\zip.dll
0x00007ffd5a2f0000 - 0x00007ffd5ab4c000 	C:\WINDOWS\System32\SHELL32.dll
0x00007ffd57590000 - 0x00007ffd57e89000 	C:\WINDOWS\SYSTEM32\windows.storage.dll
0x00007ffd57450000 - 0x00007ffd5758e000 	C:\WINDOWS\SYSTEM32\wintypes.dll
0x00007ffd5b880000 - 0x00007ffd5b973000 	C:\WINDOWS\System32\SHCORE.dll
0x00007ffd5ba50000 - 0x00007ffd5baae000 	C:\WINDOWS\System32\shlwapi.dll
0x00007ffd595a0000 - 0x00007ffd595c1000 	C:\WINDOWS\SYSTEM32\profapi.dll
0x00007ffd48090000 - 0x00007ffd480a9000 	C:\Users\Jim Lin\.vscode\extensions\redhat.java-1.29.0-win32-x64\jre\17.0.10-win32-x86_64\bin\net.dll
0x00007ffd4f960000 - 0x00007ffd4fa96000 	C:\WINDOWS\SYSTEM32\WINHTTP.dll
0x00007ffd58c10000 - 0x00007ffd58c79000 	C:\WINDOWS\system32\mswsock.dll
0x00007ffd407e0000 - 0x00007ffd407f6000 	C:\Users\Jim Lin\.vscode\extensions\redhat.java-1.29.0-win32-x64\jre\17.0.10-win32-x86_64\bin\nio.dll
0x00007ffd4f240000 - 0x00007ffd4f250000 	c:\Users\Jim Lin\.vscode\extensions\redhat.java-1.29.0-win32-x64\jre\17.0.10-win32-x86_64\bin\verify.dll
0x00007ffd282c0000 - 0x00007ffd282fe000 	C:\Users\Jim Lin\AppData\Roaming\Code\User\globalStorage\redhat.java\1.29.0\config_ss_win\org.eclipse.equinox.launcher\org.eclipse.equinox.launcher.win32.win32.x86_64_1.2.900.v20240213-1244\eclipse_11900.dll
0x00007ffd5bc60000 - 0x00007ffd5be05000 	C:\WINDOWS\System32\ole32.dll

dbghelp: loaded successfully - version: 4.0.5 - missing functions: none
symbol engine: initialized successfully - sym options: 0x614 - pdb path: .;c:\Users\Jim Lin\.vscode\extensions\redhat.java-1.29.0-win32-x64\jre\17.0.10-win32-x86_64\bin;C:\WINDOWS\SYSTEM32;C:\WINDOWS\WinSxS\amd64_microsoft.windows.common-controls_6595b64144ccf1df_6.0.22621.3235_none_270f74e173860f98;c:\Users\Jim Lin\.vscode\extensions\redhat.java-1.29.0-win32-x64\jre\17.0.10-win32-x86_64\bin\server;C:\Users\Jim Lin\AppData\Roaming\Code\User\globalStorage\redhat.java\1.29.0\config_ss_win\org.eclipse.equinox.launcher\org.eclipse.equinox.launcher.win32.win32.x86_64_1.2.900.v20240213-1244

VM Arguments:
jvm_args: --add-modules=ALL-SYSTEM --add-opens=java.base/java.util=ALL-UNNAMED --add-opens=java.base/java.lang=ALL-UNNAMED --add-opens=java.base/sun.nio.fs=ALL-UNNAMED -Declipse.application=org.eclipse.jdt.ls.core.id1 -Dosgi.bundles.defaultStartLevel=4 -Declipse.product=org.eclipse.jdt.ls.core.product -Djava.import.generatesMetadataFilesAtProjectRoot=false -DDetectVMInstallationsJob.disabled=true -Dfile.encoding=utf8 -XX:+UseParallelGC -XX:GCTimeRatio=4 -XX:AdaptiveSizePolicyWeight=90 -Dsun.zip.disableMemoryMapping=true -Xmx1G -Xms100m -Xlog:disable -javaagent:c:\Users\Jim Lin\.vscode\extensions\redhat.java-1.29.0-win32-x64\lombok\lombok-1.18.32.jar 
java_command: c:\Users\Jim Lin\.vscode\extensions\redhat.java-1.29.0-win32-x64\server\plugins\org.eclipse.equinox.launcher_1.6.800.v20240304-1850.jar -configuration c:\Users\Jim Lin\AppData\Roaming\Code\User\globalStorage\redhat.java\1.29.0\config_ss_win -data c:\Users\Jim Lin\AppData\Roaming\Code\User\workspaceStorage\b9f0c8e9d6c8e43c83bec4c1cc97ef2b\redhat.java\ss_ws --stdio
java_class_path (initial): c:\Users\Jim Lin\.vscode\extensions\redhat.java-1.29.0-win32-x64\server\plugins\org.eclipse.equinox.launcher_1.6.800.v20240304-1850.jar
Launcher Type: SUN_STANDARD

[Global flags]
    uintx AdaptiveSizePolicyWeight                 = 90                                        {product} {command line}
     intx CICompilerCount                          = 4                                         {product} {ergonomic}
    uintx GCTimeRatio                              = 4                                         {product} {command line}
   size_t InitialHeapSize                          = 104857600                                 {product} {command line}
   size_t MaxHeapSize                              = 1073741824                                {product} {command line}
   size_t MaxNewSize                               = 357564416                                 {product} {ergonomic}
   size_t MinHeapDeltaBytes                        = 524288                                    {product} {ergonomic}
   size_t MinHeapSize                              = 104857600                                 {product} {command line}
   size_t NewSize                                  = 34603008                                  {product} {ergonomic}
    uintx NonNMethodCodeHeapSize                   = 5839372                                {pd product} {ergonomic}
    uintx NonProfiledCodeHeapSize                  = 122909434                              {pd product} {ergonomic}
   size_t OldSize                                  = 70254592                                  {product} {ergonomic}
    uintx ProfiledCodeHeapSize                     = 122909434                              {pd product} {ergonomic}
    uintx ReservedCodeCacheSize                    = 251658240                              {pd product} {ergonomic}
     bool SegmentedCodeCache                       = true                                      {product} {ergonomic}
   size_t SoftMaxHeapSize                          = 1073741824                             {manageable} {ergonomic}
     bool UseCompressedClassPointers               = true                           {product lp64_product} {ergonomic}
     bool UseCompressedOops                        = true                           {product lp64_product} {ergonomic}
     bool UseLargePagesIndividualAllocation        = false                                  {pd product} {ergonomic}
     bool UseParallelGC                            = true                                      {product} {command line}

Logging:
Log output configuration:
 #0: stdout all=off uptime,level,tags
 #1: stderr all=off uptime,level,tags

Environment Variables:
PATH=C:\Users\Jim Lin\AppData\Local\Programs\Python\Python311;C:\Python310\Scripts\;C:\Python310\;C:\Program Files\Common Files\Oracle\Java\javapath;C:\Program Files (x86)\Common Files\Oracle\Java\javapath;C:\Program Files (x86)\Common Files\Intel\Shared Libraries\redist\intel64\compiler;C:\ProgramData\Oracle\Java\javapath;C:\Windows\system32;C:\Windows;C:\Windows\System32\Wbem;C:\Windows\System32\WindowsPowerShell\v1.0\;C:\Windows\System32\OpenSSH\;C:\Program Files (x86)\NVIDIA Corporation\PhysX\Common;C:\Program Files\NVIDIA Corporation\NVIDIA NvDLISR;C:\Program Files\mingw-w64\x86_64-8.1.0-posix-seh-rt_v6-rev0\mingw64\bin;C:\WINDOWS\system32;C:\WINDOWS;C:\WINDOWS\System32\Wbem;C:\WINDOWS\System32\WindowsPowerShell\v1.0\;C:\WINDOWS\System32\OpenSSH\;C:\ProgramData\chocolatey\bin;C:\Program Files\PuTTY\;C:\ProgramData\ComposerSetup\bin;C:\Program Files\Java\jdk-18.0.1.1\bin;C:\php-8.1.8;C:\Program Files\Dart\dart-sdk\bin;C:\Program Files\gsudo\Current;C:\Program Files\Git\cmd;C:\Program Files\Pandoc\;D:\files\幣安+vnpy;D:\files\ 幣安+vnpy\Scripts;C:\Program Files\dotnet\;C:\Program Files\nodejs\;C:\Users\Jim Lin\AppData\Local\Microsoft\WindowsApps;C:\Users\Jim Lin\AppData\Local\Programs\Microsoft VS Code\bin;C:\Program Files\mingw-w64\x86_64-8.1.0-posix-seh-rt_v6-rev0\mingw64\bin;C:\Program Files\Java\jdk-17\bin;D:\Youtube-dl;D:\Hugo\;C:\Program Files\Elastic\Beats\7.16.1;C:\xampp\php;C:\Users\Jim Lin\AppData\Roaming\Composer\vendor\bin;C:\xampp\mysql\bin;C:\flutter\bin;C:\Users\Jim Lin\AppData\Local\Programs\MiKTeX\miktex\bin\x64\;D:\程式檔案\modelsim_ase\win32aloem;C:\Users\Jim Lin\AppData\Local\Programs\oh-my-posh\bin;C:\Users\Jim Lin\.dotnet\tools;C:\Users\Jim Lin\AppData\Roaming\npm;C:\Users\Jim Lin\AppData\Local\Programs\Python\Python311;C:\Python310\Scripts\;C:\Python310\;C:\Program Files\Common Files\Oracle\Java\javapath;C:\Program Files (x86)\Common Files\Oracle\Java\javapath;C:\Program Files (x86)\Common Files\Intel\Shared Libraries\redist\intel64\compiler;C
USERNAME=Jim Lin
OS=Windows_NT
PROCESSOR_IDENTIFIER=Intel64 Family 6 Model 140 Stepping 1, GenuineIntel
TMP=C:\Users\JIMLIN~1\AppData\Local\Temp
TEMP=C:\Users\JIMLIN~1\AppData\Local\Temp



Periodic native trim disabled


---------------  S Y S T E M  ---------------

OS:
 Windows 11 , 64 bit Build 22621 (10.0.22621.3374)
OS uptime: 3 days 19:34 hours
Hyper-V role detected

CPU: total 8 (initial active 8) (4 cores per cpu, 2 threads per core) family 6 model 140 stepping 1 microcode 0x78, cx8, cmov, fxsr, ht, mmx, 3dnowpref, sse, sse2, sse3, ssse3, sse4.1, sse4.2, popcnt, lzcnt, tsc, tscinvbit, avx, avx2, aes, erms, clmul, bmi1, bmi2, adx, avx512f, avx512dq, avx512cd, avx512bw, avx512vl, sha, fma, vzeroupper, avx512_vpopcntdq, avx512_vpclmulqdq, avx512_vaes, avx512_vnni, clflush, clflushopt, clwb, avx512_vbmi2, avx512_vbmi, hv
Processor Information for all 8 processors :
  Max Mhz: 2419, Current Mhz: 2015, Mhz Limit: 2419

Memory: 4k page, system-wide physical 16179M (4269M free)
TotalPageFile size 16179M (AvailPageFile size 0M)
current process WorkingSet (physical memory assigned to process): 125M, peak: 125M
current process commit charge ("private bytes"): 233M, peak: 233M

vm_info: OpenJDK 64-Bit Server VM (17.0.10+7) for windows-amd64 JRE (17.0.10+7), built on Jan 16 2024 23:25:11 by "admin" with MS VC++ 16.10 / 16.11 (VS2019)

END.
